  [1m[36m (1.2ms)[0m  [1mCREATE TABLE "schema_migrations" ("version" varchar NOT NULL) [0m
  [1m[35m (0.0ms)[0m  select sqlite_version(*)
  [1m[36m (1.0ms)[0m  [1mCREATE UNIQUE INDEX "unique_schema_migrations" ON "schema_migrations" ("version")[0m
  [1m[35mActiveRecord::SchemaMigration Load (0.1ms)[0m  SELECT "schema_migrations".* FROM "schema_migrations"
  [1m[36mActiveRecord::SchemaMigration Load (0.1ms)[0m  [1mSELECT "schema_migrations".* FROM "schema_migrations"[0m
Migrating to CreatePosts (20151230232412)
  [1m[35m (0.1ms)[0m  begin transaction
  [1m[36m (0.4ms)[0m  [1mCREATE TABLE "posts" ("id" INTEGER PRIMARY KEY AUTOINCREMENT NOT NULL, "title" varchar, "description" text, "created_at" datetime NOT NULL, "updated_at" datetime NOT NULL) [0m
  [1m[35mSQL (0.2ms)[0m  INSERT INTO "schema_migrations" ("version") VALUES (?)  [["version", "20151230232412"]]
  [1m[36m (1.3ms)[0m  [1mcommit transaction[0m
  [1m[35mActiveRecord::SchemaMigration Load (0.1ms)[0m  SELECT "schema_migrations".* FROM "schema_migrations"


Started GET "/posts/new" for ::1 at 2015-12-31 13:44:56 -0600
  [1m[36mActiveRecord::SchemaMigration Load (0.1ms)[0m  [1mSELECT "schema_migrations".* FROM "schema_migrations"[0m
Processing by PostsController#new as HTML
  Rendered posts/new.html.erb within layouts/application (2.1ms)
Completed 200 OK in 347ms (Views: 326.8ms | ActiveRecord: 0.2ms)


Started GET "/assets/application.self-e80e8f2318043e8af94dddc2adad5a4f09739a8ebb323b3ab31cd71d45fd9113.css?body=1" for ::1 at 2015-12-31 13:44:57 -0600


Started GET "/assets/application.self-3b8dabdc891efe46b9a144b400ad69e37d7e5876bdc39dee783419a69d7ca819.js?body=1" for ::1 at 2015-12-31 13:44:57 -0600


Started POST "/posts" for ::1 at 2015-12-31 13:45:03 -0600
Processing by PostsController#create as HTML
  Parameters: {"utf8"=>"✓", "authenticity_token"=>"mFCuNJP5reOW19phdr4zXRLzOMo4NZQ3wneiVR+RO/+owIoDiOxh24iHKkZ7DGazxbSIoRmvIOmJgA4gog1sGg==", "title"=>"Rails Introduction Quiz", "description"=>"asdfasdf", "commit"=>"Submit Post"}
  [1m[35m (0.1ms)[0m  begin transaction
  [1m[36mSQL (0.4ms)[0m  [1mINSERT INTO "posts" ("title", "description", "created_at", "updated_at") VALUES (?, ?, ?, ?)[0m  [["title", "Rails Introduction Quiz"], ["description", "asdfasdf"], ["created_at", "2015-12-31 19:45:03.614973"], ["updated_at", "2015-12-31 19:45:03.614973"]]
  [1m[35m (1.2ms)[0m  commit transaction
Redirected to http://localhost:3000/posts/1
Completed 302 Found in 22ms (ActiveRecord: 1.7ms)


Started GET "/posts/1" for ::1 at 2015-12-31 13:45:03 -0600
Processing by PostsController#show as HTML
  Parameters: {"id"=>"1"}
  [1m[36mPost Load (0.2ms)[0m  [1mSELECT  "posts".* FROM "posts" WHERE "posts"."id" = ? LIMIT 1[0m  [["id", 1]]
  Rendered posts/show.html.erb within layouts/application (0.4ms)
Completed 200 OK in 27ms (Views: 10.4ms | ActiveRecord: 0.2ms)
  [1m[35m (0.1ms)[0m  [1m[36mbegin transaction[0m
  [1m[35mSQL (0.7ms)[0m  [1m[32mINSERT INTO "posts" ("title", "description", "created_at", "updated_at") VALUES (?, ?, ?, ?)[0m  [["title", "Title Goes Here"], ["description", "Desc goes here..."], ["created_at", "2020-04-26 00:27:05.175395"], ["updated_at", "2020-04-26 00:27:05.175395"]]
  [1m[35m (0.7ms)[0m  [1m[36mcommit transaction[0m
  [1m[36mPost Load (0.2ms)[0m  [1m[34mSELECT "posts".* FROM "posts"[0m
Started GET "/posts/new" for ::1 at 2020-04-25 17:43:00 -0700
  [1m[36mActiveRecord::SchemaMigration Load (0.1ms)[0m  [1m[34mSELECT "schema_migrations".* FROM "schema_migrations"[0m
Processing by PostsController#new as HTML
  Rendering posts/new.html.erb within layouts/application
  Rendered posts/new.html.erb within layouts/application (4.5ms)
Completed 200 OK in 312ms (Views: 301.8ms | ActiveRecord: 0.4ms)


Started POST "/posts" for ::1 at 2020-04-25 17:43:33 -0700
Processing by PostsController#create as HTML
  Parameters: {"utf8"=>"✓", "authenticity_token"=>"KUkU8tJZ/TrvgN3G8DXJTHyDJaqUGndedS5j/rvbWYGCmWeCz0P59k0t2bPxQJLJZJEl6TRWiwB9TbGO9if1jg==", "title"=>"Lingering emotion", "description"=>"Frankle Frqankls\r\n", "commit"=>"Submit Post"}
  [1m[35m (0.2ms)[0m  [1m[36mbegin transaction[0m
  [1m[35mSQL (0.4ms)[0m  [1m[32mINSERT INTO "posts" ("title", "description", "created_at", "updated_at") VALUES (?, ?, ?, ?)[0m  [["title", "Lingering emotion"], ["description", "Frankle Frqankls\r\n"], ["created_at", "2020-04-26 00:43:33.553281"], ["updated_at", "2020-04-26 00:43:33.553281"]]
  [1m[35m (0.7ms)[0m  [1m[36mcommit transaction[0m
Completed 500 Internal Server Error in 257939ms (ActiveRecord: 1.4ms)


  
SystemExit (exit):
  
app/controllers/posts_controller.rb:22:in `create'
  Rendering /Users/yoichimichael/.rvm/gems/ruby-2.6.1/gems/actionpack-5.0.7.2/lib/action_dispatch/middleware/templates/rescues/diagnostics.html.erb within rescues/layout
  Rendering /Users/yoichimichael/.rvm/gems/ruby-2.6.1/gems/actionpack-5.0.7.2/lib/action_dispatch/middleware/templates/rescues/_source.html.erb
  Rendered /Users/yoichimichael/.rvm/gems/ruby-2.6.1/gems/actionpack-5.0.7.2/lib/action_dispatch/middleware/templates/rescues/_source.html.erb (37.9ms)
  Rendering /Users/yoichimichael/.rvm/gems/ruby-2.6.1/gems/actionpack-5.0.7.2/lib/action_dispatch/middleware/templates/rescues/_trace.html.erb
  Rendered /Users/yoichimichael/.rvm/gems/ruby-2.6.1/gems/actionpack-5.0.7.2/lib/action_dispatch/middleware/templates/rescues/_trace.html.erb (16.3ms)
  Rendering /Users/yoichimichael/.rvm/gems/ruby-2.6.1/gems/actionpack-5.0.7.2/lib/action_dispatch/middleware/templates/rescues/_request_and_response.html.erb
  Rendered /Users/yoichimichael/.rvm/gems/ruby-2.6.1/gems/actionpack-5.0.7.2/lib/action_dispatch/middleware/templates/rescues/_request_and_response.html.erb (3.2ms)
  Rendered /Users/yoichimichael/.rvm/gems/ruby-2.6.1/gems/actionpack-5.0.7.2/lib/action_dispatch/middleware/templates/rescues/diagnostics.html.erb within rescues/layout (78.3ms)
Started GET "/posts/new" for ::1 at 2020-04-25 17:49:01 -0700
Processing by PostsController#new as HTML
  Rendering posts/new.html.erb within layouts/application
  Rendered posts/new.html.erb within layouts/application (3.6ms)
Completed 200 OK in 82ms (Views: 77.8ms | ActiveRecord: 0.0ms)


Started POST "/posts" for ::1 at 2020-04-25 17:49:10 -0700
Processing by PostsController#create as HTML
  Parameters: {"utf8"=>"✓", "authenticity_token"=>"gevQ12/e4wv4CzvRmr1V90Z3vp+dH4T4lPsF1dXcCUoqO6OncsTnx1qmP6SbyA5yXmW+3D1TeKacmNelmCClRQ==", "title"=>"John", "description"=>"Angus", "commit"=>"Submit Post"}
  [1m[35m (0.2ms)[0m  [1m[36mbegin transaction[0m
  [1m[35mSQL (0.6ms)[0m  [1m[32mINSERT INTO "posts" ("title", "description", "created_at", "updated_at") VALUES (?, ?, ?, ?)[0m  [["title", "John"], ["description", "Angus"], ["created_at", "2020-04-26 00:49:10.692704"], ["updated_at", "2020-04-26 00:49:10.692704"]]
  [1m[35m (1.0ms)[0m  [1m[36mcommit transaction[0m
Completed 500 Internal Server Error in 8935ms (ActiveRecord: 1.8ms)


  
SystemExit (exit):
  
app/controllers/posts_controller.rb:22:in `create'
  Rendering /Users/yoichimichael/.rvm/gems/ruby-2.6.1/gems/actionpack-5.0.7.2/lib/action_dispatch/middleware/templates/rescues/diagnostics.html.erb within rescues/layout
  Rendering /Users/yoichimichael/.rvm/gems/ruby-2.6.1/gems/actionpack-5.0.7.2/lib/action_dispatch/middleware/templates/rescues/_source.html.erb
  Rendered /Users/yoichimichael/.rvm/gems/ruby-2.6.1/gems/actionpack-5.0.7.2/lib/action_dispatch/middleware/templates/rescues/_source.html.erb (65.4ms)
  Rendering /Users/yoichimichael/.rvm/gems/ruby-2.6.1/gems/actionpack-5.0.7.2/lib/action_dispatch/middleware/templates/rescues/_trace.html.erb
  Rendered /Users/yoichimichael/.rvm/gems/ruby-2.6.1/gems/actionpack-5.0.7.2/lib/action_dispatch/middleware/templates/rescues/_trace.html.erb (22.8ms)
  Rendering /Users/yoichimichael/.rvm/gems/ruby-2.6.1/gems/actionpack-5.0.7.2/lib/action_dispatch/middleware/templates/rescues/_request_and_response.html.erb
  Rendered /Users/yoichimichael/.rvm/gems/ruby-2.6.1/gems/actionpack-5.0.7.2/lib/action_dispatch/middleware/templates/rescues/_request_and_response.html.erb (4.5ms)
  Rendered /Users/yoichimichael/.rvm/gems/ruby-2.6.1/gems/actionpack-5.0.7.2/lib/action_dispatch/middleware/templates/rescues/diagnostics.html.erb within rescues/layout (108.4ms)
Started POST "/posts" for ::1 at 2020-04-25 17:50:05 -0700
Processing by PostsController#create as HTML
  Parameters: {"utf8"=>"✓", "authenticity_token"=>"gevQ12/e4wv4CzvRmr1V90Z3vp+dH4T4lPsF1dXcCUoqO6OncsTnx1qmP6SbyA5yXmW+3D1TeKacmNelmCClRQ==", "title"=>"John", "description"=>"Angus", "commit"=>"Submit Post"}
  [1m[35m (0.2ms)[0m  [1m[36mbegin transaction[0m
  [1m[35mSQL (0.5ms)[0m  [1m[32mINSERT INTO "posts" ("title", "description", "created_at", "updated_at") VALUES (?, ?, ?, ?)[0m  [["title", "John"], ["description", "Angus"], ["created_at", "2020-04-26 00:50:05.961590"], ["updated_at", "2020-04-26 00:50:05.961590"]]
  [1m[35m (1.6ms)[0m  [1m[36mcommit transaction[0m
No template found for PostsController#create, rendering head :no_content
Completed 204 No Content in 66ms (ActiveRecord: 4.4ms)


Started GET "/posts/new" for ::1 at 2020-04-25 17:50:10 -0700
Processing by PostsController#new as HTML
  Rendering posts/new.html.erb within layouts/application
  Rendered posts/new.html.erb within layouts/application (3.8ms)
Completed 200 OK in 84ms (Views: 80.0ms | ActiveRecord: 0.0ms)


Started POST "/posts" for ::1 at 2020-04-25 17:50:17 -0700
Processing by PostsController#create as HTML
  Parameters: {"utf8"=>"✓", "authenticity_token"=>"R4hCyzdzA8QF4hrd1TPR0Nkrcavfi138gHpY+4qYz+fsWDG7KmkHCKdPHqjURopVwTlx6H/HoaKIGYqLx2Rj6A==", "title"=>"Glen", "description"=>"Fry", "commit"=>"Submit Post"}
  [1m[35m (0.2ms)[0m  [1m[36mbegin transaction[0m
  [1m[35mSQL (0.6ms)[0m  [1m[32mINSERT INTO "posts" ("title", "description", "created_at", "updated_at") VALUES (?, ?, ?, ?)[0m  [["title", "Glen"], ["description", "Fry"], ["created_at", "2020-04-26 00:50:17.187245"], ["updated_at", "2020-04-26 00:50:17.187245"]]
  [1m[35m (1.0ms)[0m  [1m[36mcommit transaction[0m
No template found for PostsController#create, rendering head :no_content
Completed 204 No Content in 32ms (ActiveRecord: 1.8ms)


Started GET "/posts/new" for ::1 at 2020-04-25 17:55:08 -0700
Processing by PostsController#new as HTML
  Rendering posts/new.html.erb within layouts/application
  Rendered posts/new.html.erb within layouts/application (8.8ms)
Completed 200 OK in 77ms (Views: 73.7ms | ActiveRecord: 0.0ms)


Started POST "/posts" for ::1 at 2020-04-25 17:55:17 -0700
Processing by PostsController#create as HTML
  Parameters: {"utf8"=>"✓", "authenticity_token"=>"YkGCim6aB2FBMJ8ISCQNPEkECYTDrjouCwsD1eI1NpTJkfH6c4ADreOdm31JUVa5URYJx2PixnADaNGlr8mamw==", "title"=>"Forest", "description"=>"Whitaker", "commit"=>"Submit Post"}
  [1m[35m (0.2ms)[0m  [1m[36mbegin transaction[0m
  [1m[35mSQL (0.5ms)[0m  [1m[32mINSERT INTO "posts" ("title", "description", "created_at", "updated_at") VALUES (?, ?, ?, ?)[0m  [["title", "Forest"], ["description", "Whitaker"], ["created_at", "2020-04-26 00:55:17.240762"], ["updated_at", "2020-04-26 00:55:17.240762"]]
  [1m[35m (1.2ms)[0m  [1m[36mcommit transaction[0m
No template found for PostsController#create, rendering head :no_content
Completed 204 No Content in 33ms (ActiveRecord: 1.9ms)


Started GET "/posts/new" for ::1 at 2020-04-25 17:56:07 -0700
  [1m[36mActiveRecord::SchemaMigration Load (0.1ms)[0m  [1m[34mSELECT "schema_migrations".* FROM "schema_migrations"[0m
Processing by PostsController#new as HTML
  Rendering posts/new.html.erb within layouts/application
  Rendered posts/new.html.erb within layouts/application (6.8ms)
Completed 200 OK in 203ms (Views: 192.9ms | ActiveRecord: 0.5ms)


Started POST "/posts" for ::1 at 2020-04-25 17:56:15 -0700
Processing by PostsController#create as HTML
  Parameters: {"utf8"=>"✓", "authenticity_token"=>"2hdNrQvLz/vWKzjECGPaPaIcNZXQbbZsOLMSI3Jz8hVxxz7dFtHLN3SGPLEJFoG4ug411nAhSjIw0MBTP49eGg==", "title"=>"Rogan", "description"=>"Paul", "commit"=>"Submit Post"}
  [1m[35m (0.0ms)[0m  [1m[36mbegin transaction[0m
  [1m[35mSQL (0.3ms)[0m  [1m[32mINSERT INTO "posts" ("title", "description", "created_at", "updated_at") VALUES (?, ?, ?, ?)[0m  [["title", "Rogan"], ["description", "Paul"], ["created_at", "2020-04-26 00:56:15.392345"], ["updated_at", "2020-04-26 00:56:15.392345"]]
  [1m[35m (0.7ms)[0m  [1m[36mcommit transaction[0m
No template found for PostsController#create, rendering head :no_content
Completed 204 No Content in 15ms (ActiveRecord: 1.1ms)


  [1m[36mPost Load (1.1ms)[0m  [1m[34mSELECT "posts".* FROM "posts"[0m
  [1m[36mPost Load (0.2ms)[0m  [1m[34mSELECT  "posts".* FROM "posts" ORDER BY "posts"."id" DESC LIMIT ?[0m  [["LIMIT", 1]]
Started GET "/posts/new" for ::1 at 2020-04-25 18:03:49 -0700
Processing by PostsController#new as HTML
  Rendering posts/new.html.erb within layouts/application
  Rendered posts/new.html.erb within layouts/application (0.6ms)
Completed 200 OK in 14ms (Views: 9.3ms | ActiveRecord: 0.4ms)


Started POST "/posts" for ::1 at 2020-04-25 18:03:59 -0700
Processing by PostsController#create as HTML
  Parameters: {"utf8"=>"✓", "authenticity_token"=>"ZOYvq3TzK5QHLGQt6n6imjC/zyXTiiaaYRAkaUy/pY3PNlzbaekvWKWBYFjrC/kfKK3PZnPG2sRpc/YZAUMJgg==", "title"=>"Chris", "description"=>"Hardwick", "commit"=>"Submit Post"}
  [1m[35m (0.1ms)[0m  [1m[36mbegin transaction[0m
  [1m[35mSQL (0.3ms)[0m  [1m[32mINSERT INTO "posts" ("title", "description", "created_at", "updated_at") VALUES (?, ?, ?, ?)[0m  [["title", "Chris"], ["description", "Hardwick"], ["created_at", "2020-04-26 01:03:59.111409"], ["updated_at", "2020-04-26 01:03:59.111409"]]
  [1m[35m (0.7ms)[0m  [1m[36mcommit transaction[0m
Redirected to http://localhost:3000/posts/9
Completed 302 Found in 3ms (ActiveRecord: 1.0ms)


Started GET "/posts/9" for ::1 at 2020-04-25 18:03:59 -0700
Processing by PostsController#show as HTML
  Parameters: {"id"=>"9"}
  [1m[36mPost Load (0.1ms)[0m  [1m[34mSELECT  "posts".* FROM "posts" WHERE "posts"."id" = ? LIMIT ?[0m  [["id", 9], ["LIMIT", 1]]
  Rendering posts/show.html.erb within layouts/application
  Rendered posts/show.html.erb within layouts/application (0.3ms)
Completed 200 OK in 10ms (Views: 7.2ms | ActiveRecord: 0.1ms)


Started GET "/posts/new" for ::1 at 2020-04-25 18:04:15 -0700
Processing by PostsController#new as HTML
  Rendering posts/new.html.erb within layouts/application
  Rendered posts/new.html.erb within layouts/application (0.7ms)
Completed 200 OK in 14ms (Views: 9.6ms | ActiveRecord: 0.6ms)


Started POST "/posts" for ::1 at 2020-04-25 18:04:22 -0700
Processing by PostsController#create as HTML
  Parameters: {"utf8"=>"✓", "authenticity_token"=>"3qpnVuWnOCfxrSPMQxwhBm3c2U7tckj8FdrkrsuS/051ehQm+L0861MAJ7lCaXqDdc7ZDU0+tKIduTbehm5TQQ==", "title"=>"Howard", "description"=>"End", "commit"=>"Submit Post"}
  [1m[35m (0.0ms)[0m  [1m[36mbegin transaction[0m
  [1m[35mSQL (0.4ms)[0m  [1m[32mINSERT INTO "posts" ("title", "description", "created_at", "updated_at") VALUES (?, ?, ?, ?)[0m  [["title", "Howard"], ["description", "End"], ["created_at", "2020-04-26 01:04:22.917271"], ["updated_at", "2020-04-26 01:04:22.917271"]]
  [1m[35m (0.7ms)[0m  [1m[36mcommit transaction[0m
Redirected to http://localhost:3000/posts/10
Completed 302 Found in 3ms (ActiveRecord: 1.1ms)


Started GET "/posts/10" for ::1 at 2020-04-25 18:04:22 -0700
Processing by PostsController#show as HTML
  Parameters: {"id"=>"10"}
  [1m[36mPost Load (0.1ms)[0m  [1m[34mSELECT  "posts".* FROM "posts" WHERE "posts"."id" = ? LIMIT ?[0m  [["id", 10], ["LIMIT", 1]]
  Rendering posts/show.html.erb within layouts/application
  Rendered posts/show.html.erb within layouts/application (0.3ms)
Completed 200 OK in 9ms (Views: 7.9ms | ActiveRecord: 0.1ms)


